<?xml version="1.0" encoding="UTF-8"?>
<testng-results skipped="0" failed="0" ignored="0" total="1" passed="1">
  <reporter-output>
  </reporter-output>
  <suite name="Default suite" duration-ms="12117" started-at="2019-03-17T08:55:37Z" finished-at="2019-03-17T08:55:49Z">
    <groups>
    </groups>
    <test name="Default test" duration-ms="12117" started-at="2019-03-17T08:55:37Z" finished-at="2019-03-17T08:55:49Z">
      <class name="Basic.MavenGit">
        <test-method status="PASS" signature="launchchrome()[pri:0, instance:Basic.MavenGit@26653222]" name="launchchrome" duration-ms="12064" started-at="2019-03-17T08:55:37Z" finished-at="2019-03-17T08:55:49Z">
          <reporter-output>
          </reporter-output>
        </test-method> <!-- launchchrome -->
      </class> <!-- Basic.MavenGit -->
    </test> <!-- Default test -->
  </suite> <!-- Default suite -->
</testng-results>
